beatRush 4.24/Intermediate/Android/APK/gradle/app/build/outputs/logs/manifest-merger-release-report.txt
-- Merging decision tree log ---
manifest
ADDED from src\main\AndroidManifest.xml:1:1-64:12
INJECTED from src\main\AndroidManifest.xml:1:1-64:12
INJECTED from src\main\AndroidManifest.xml:1:1-64:12
INJECTED from src\main\AndroidManifest.xml:1:1-64:12
MERGED from [com.google.android.gms:play-services-auth:17.0.0] AndroidManifest.xml:17:1-39:12
MERGED from [com.google.android.gms:play-services-games:17.0.0] AndroidManifest.xml:17:1-24:12
MERGED from [com.google.android.gms:play-services-nearby:17.0.0] AndroidManifest.xml:2:1-11:12
MERGED from [com.google.android.gms:play-services-plus:17.0.0] AndroidManifest.xml:17:1-24:12
MERGED from [com.google.ads.mediation:unity:3.2.0.0] AndroidManifest.xml:2:1-11:12
MERGED from [com.google.ads.mediation:chartboost:7.5.0.0] AndroidManifest.xml:2:1-27:12
MERGED from [com.google.android.gms:play-services-ads:18.2.0] AndroidManifest.xml:17:1-25:12
MERGED from [com.android.volley:volley:1.1.1] AndroidManifest.xml:2:1-11:12
MERGED from [com.unity3d.ads:unity-ads:3.2.0] AndroidManifest.xml:2:1-37:12
MERGED from [com.google.ads.mediation:vungle:6.4.11.1.0] AndroidManifest.xml:2:1-33:12
MERGED from [com.vungle:publisher-sdk-android:6.4.11.0] AndroidManifest.xml:2:1-48:12
MERGED from [:downloader_library] AndroidManifest.xml:2:1-11:12
MERGED from [:permission_library] AndroidManifest.xml:2:1-9:12
MERGED from [androidx.legacy:legacy-support-v13:1.0.0-rc01] AndroidManifest.xml:17:1-22:12
MERGED from [androidx.lifecycle:lifecycle-extensions:2.0.0-rc01] AndroidManifest.xml:17:1-25:12
MERGED from [androidx.legacy:legacy-support-v4:1.0.0-rc01] AndroidManifest.xml:17:1-22:12
MERGED from [androidx.media:media:1.0.0-rc01] AndroidManifest.xml:17:1-22:12
MERGED from [androidx.browser:browser:1.0.0] AndroidManifest.xml:17:1-22:12
MERGED from [com.google.android.gms:play-services-auth-api-phone:17.0.0] AndroidManifest.xml:2:1-7:12
MERGED from [com.google.android.gms:play-services-auth-base:17.0.0] AndroidManifest.xml:2:1-7:12
MERGED from [com.google.android.gms:play-services-drive:16.0.0] AndroidManifest.xml:17:1-24:12
MERGED from [com.google.android.gms:play-services-audience:17.0.0] AndroidManifest.xml:17:1-24:12
MERGED from [com.google.android.gms:play-services-base:17.1.0] AndroidManifest.xml:17:1-29:12
MERGED from [com.google.android.gms:play-services-ads-lite:18.2.0] AndroidManifest.xml:17:1-42:12
MERGED from [com.google.android.gms:play-services-measurement:17.0.0] AndroidManifest.xml:17:1-55:12
MERGED from [com.google.android.gms:play-services-measurement-sdk:17.0.0] AndroidManifest.xml:17:1-25:12
MERGED from [com.google.android.gms:play-services-measurement-impl:17.0.0] AndroidManifest.xml:17:1-40:12
MERGED from [com.google.android.gms:play-services-ads-identifier:17.0.0] AndroidManifest.xml:17:1-24:12
MERGED from [com.google.android.gms:play-services-gass:18.2.0] AndroidManifest.xml:2:1-9:12
MERGED from [com.google.android.gms:play-services-measurement-sdk-api:17.0.0] AndroidManifest.xml:17:1-40:12
MERGED from [com.google.android.gms:play-services-measurement-base:17.0.0] AndroidManifest.xml:2:1-9:12
MERGED from [com.google.android.gms:play-services-stats:17.0.0] AndroidManifest.xml:2:1-9:12
MERGED from [com.google.android.gms:play-services-tasks:17.0.0] AndroidManifest.xml:2:1-9:12
MERGED from [com.google.android.gms:play-services-basement:17.0.0] AndroidManifest.xml:17:1-28:12
MERGED from [androidx.fragment:fragment:1.0.0] AndroidManifest.xml:17:1-22:12
MERGED from [androidx.legacy:legacy-support-core-ui:1.0.0] AndroidManifest.xml:17:1-22:12
MERGED from [androidx.legacy:legacy-support-core-utils:1.0.0] AndroidManifest.xml:17:1-22:12
MERGED from [androidx.loader:loader:1.0.0] AndroidManifest.xml:17:1-22:12
MERGED from [androidx.viewpager:viewpager:1.0.0] AndroidManifest.xml:17:1-22:12
MERGED from [androidx.coordinatorlayout:coordinatorlayout:1.0.0] AndroidManifest.xml:17:1-22:12
MERGED from [androidx.drawerlayout:drawerlayout:1.0.0] AndroidManifest.xml:17:1-22:12
MERGED from [androidx.slidingpanelayout:slidingpanelayout:1.0.0] AndroidManifest.xml:17:1-22:12
MERGED from [androidx.customview:customview:1.0.0] AndroidManifest.xml:17:1-22:12
MERGED from [androidx.swiperefreshlayout:swiperefreshlayout:1.0.0] AndroidManifest.xml:17:1-22:12
MERGED from [androidx.asynclayoutinflater:asynclayoutinflater:1.0.0] AndroidManifest.xml:17:1-22:12
MERGED from [androidx.core:core:1.0.0] AndroidManifest.xml:17:1-24:12
MERGED from [androidx.versionedparcelable:versionedparcelable:1.0.0] AndroidManifest.xml:17:1-25:12
MERGED from [androidx.interpolator:interpolator:1.0.0] AndroidManifest.xml:17:1-22:12
MERGED from [androidx.lifecycle:lifecycle-viewmodel:2.0.0] AndroidManifest.xml:17:1-22:12
MERGED from [androidx.lifecycle:lifecycle-process:2.0.0-rc01] AndroidManifest.xml:17:1-30:12
MERGED from [androidx.lifecycle:lifecycle-service:2.0.0-rc01] AndroidManifest.xml:17:1-22:12
MERGED from [androidx.lifecycle:lifecycle-runtime:2.0.0] AndroidManifest.xml:17:1-22:12
MERGED from [androidx.cursoradapter:cursoradapter:1.0.0] AndroidManifest.xml:17:1-22:12
MERGED from [androidx.documentfile:documentfile:1.0.0] AndroidManifest.xml:17:1-22:12
MERGED from [androidx.localbroadcastmanager:localbroadcastmanager:1.0.0] AndroidManifest.xml:17:1-22:12
MERGED from [androidx.print:print:1.0.0] AndroidManifest.xml:17:1-22:12
MERGED from [androidx.lifecycle:lifecycle-livedata:2.0.0] AndroidManifest.xml:17:1-22:12
MERGED from [androidx.lifecycle:lifecycle-livedata-core:2.0.0] AndroidManifest.xml:17:1-22:12
MERGED from [androidx.arch.core:core-runtime:2.0.0] AndroidManifest.xml:17:1-22:12
MERGED from [com.google.android.gms:play-services-ads-base:18.2.0] AndroidManifest.xml:2:1-9:12
INJECTED from src\main\AndroidManifest.xml:1:1-64:12
INJECTED from src\main\AndroidManifest.xml:1:1-64:12
INJECTED from src\main\AndroidManifest.xml:1:1-64:12
	package
		ADDED from src\main\AndroidManifest.xml:1:70-99
		INJECTED from src\main\AndroidManifest.xml
		INJECTED from src\main\AndroidManifest.xml
	android:versionName
		ADDED from src\main\AndroidManifest.xml:1:164-190
		INJECTED from src\main\AndroidManifest.xml
		INJECTED from src\main\AndroidManifest.xml
	xmlns:android
		ADDED from src\main\AndroidManifest.xml:1:11-69
	android:versionCode
		ADDED from src\main\AndroidManifest.xml:1:139-163
		INJECTED from src\main\AndroidManifest.xml
		INJECTED from src\main\AndroidManifest.xml
	android:installLocation
		ADDED from src\main\AndroidManifest.xml:1:100-138
application
ADDED from src\main\AndroidManifest.xml:3:3-51:17
MERGED from [com.google.android.gms:play-services-auth:17.0.0] AndroidManifest.xml:22:5-37:19
MERGED from [com.google.android.gms:play-services-auth:17.0.0] AndroidManifest.xml:22:5-37:19
MERGED from [com.google.android.gms:play-services-games:17.0.0] AndroidManifest.xml:22:5-20
MERGED from [com.google.android.gms:play-services-games:17.0.0] AndroidManifest.xml:22:5-20
MERGED from [com.google.android.gms:play-services-nearby:17.0.0] AndroidManifest.xml:9:5-20
MERGED from [com.google.android.gms:play-services-nearby:17.0.0] AndroidManifest.xml:9:5-20
MERGED from [com.google.android.gms:play-services-plus:17.0.0] AndroidManifest.xml:22:5-20
MERGED from [com.google.android.gms:play-services-plus:17.0.0] AndroidManifest.xml:22:5-20
MERGED from [com.google.ads.mediation:chartboost:7.5.0.0] AndroidManifest.xml:15:5-25:19
MERGED from [com.google.ads.mediation:chartboost:7.5.0.0] AndroidManifest.xml:15:5-25:19
MERGED from [com.android.volley:volley:1.1.1] AndroidManifest.xml:9:5-20
MERGED from [com.android.volley:volley:1.1.1] AndroidManifest.xml:9:5-20
MERGED from [com.unity3d.ads:unity-ads:3.2.0] AndroidManifest.xml:14:5-35:19
MERGED from [com.unity3d.ads:unity-ads:3.2.0] AndroidManifest.xml:14:5-35:19
MERGED from [com.google.ads.mediation:vungle:6.4.11.1.0] AndroidManifest.xml:15:5-31:19
MERGED from [com.google.ads.mediation:vungle:6.4.11.1.0] AndroidManifest.xml:15:5-31:19
MERGED from [com.vungle:publisher-sdk-android:6.4.11.0] AndroidManifest.xml:17:5-46:19
MERGED from [com.vungle:publisher-sdk-android:6.4.11.0] AndroidManifest.xml:17:5-46:19
MERGED from [androidx.lifecycle:lifecycle-extensions:2.0.0-rc01] AndroidManifest.xml:22:5-23:19
MERGED from [androidx.lifecycle:lifecycle-extensions:2.0.0-rc01] AndroidManifest.xml:22:5-23:19
MERGED from [com.google.android.gms:play-services-drive:16.0.0] AndroidManifest.xml:22:5-20
MERGED from [com.google.android.gms:play-services-drive:16.0.0] AndroidManifest.xml:22:5-20
MERGED from [com.google.android.gms:play-services-audience:17.0.0] AndroidManifest.xml:22:5-20
MERGED from [com.google.android.gms:play-services-audience:17.0.0] AndroidManifest.xml:22:5-20
MERGED from [com.google.android.gms:play-services-base:17.1.0] AndroidManifest.xml:22:5-27:19
MERGED from [com.google.android.gms:play-services-base:17.1.0] AndroidManifest.xml:22:5-27:19
MERGED from [com.google.android.gms:play-services-ads-lite:18.2.0] AndroidManifest.xml:26:5-40:19
MERGED from [com.google.android.gms:play-services-ads-lite:18.2.0] AndroidManifest.xml:26:5-40:19
MERGED from [com.google.android.gms:play-services-measurement:17.0.0] AndroidManifest.xml:28:5-53:19
MERGED from [com.google.android.gms:play-services-measurement:17.0.0] AndroidManifest.xml:28:5-53:19
MERGED from [com.google.android.gms:play-services-measurement-sdk:17.0.0] AndroidManifest.xml:22:5-23:19
MERGED from [com.google.android.gms:play-services-measurement-sdk:17.0.0] AndroidManifest.xml:22:5-23:19
MERGED from [com.google.android.gms:play-services-measurement-impl:17.0.0] AndroidManifest.xml:28:5-38:19
MERGED from [com.google.android.gms:play-services-measurement-impl:17.0.0] AndroidManifest.xml:28:5-38:19
MERGED from [com.google.android.gms:play-services-ads-identifier:17.0.0] AndroidManifest.xml:22:5-20
MERGED from [com.google.android.gms:play-services-ads-identifier:17.0.0] AndroidManifest.xml:22:5-20
MERGED from [com.google.android.gms:play-services-gass:18.2.0] AndroidManifest.xml:7:5-20
MERGED from [com.google.android.gms:play-services-gass:18.2.0] AndroidManifest.xml:7:5-20
MERGED from [com.google.android.gms:play-services-measurement-sdk-api:17.0.0] AndroidManifest.xml:28:5-38:19
MERGED from [com.google.android.gms:play-services-measurement-sdk-api:17.0.0] AndroidManifest.xml:28:5-38:19
MERGED from [com.google.android.gms:play-services-measurement-base:17.0.0] AndroidManifest.xml:7:5-20
MERGED from [com.google.android.gms:play-services-measurement-base:17.0.0] AndroidManifest.xml:7:5-20
MERGED from [com.google.android.gms:play-services-stats:17.0.0] AndroidManifest.xml:7:5-20
MERGED from [com.google.android.gms:play-services-stats:17.0.0] AndroidManifest.xml:7:5-20
MERGED from [com.google.android.gms:play-services-tasks:17.0.0] AndroidManifest.xml:7:5-20
MERGED from [com.google.android.gms:play-services-tasks:17.0.0] AndroidManifest.xml:7:5-20
MERGED from [com.google.android.gms:play-services-basement:17.0.0] AndroidManifest.xml:22:5-26:19
MERGED from [com.google.android.gms:play-services-basement:17.0.0] AndroidManifest.xml:22:5-26:19
MERGED from [androidx.core:core:1.0.0] AndroidManifest.xml:22:5-89
MERGED from [androidx.core:core:1.0.0] AndroidManifest.xml:22:5-89
MERGED from [androidx.versionedparcelable:versionedparcelable:1.0.0] AndroidManifest.xml:22:5-23:19
MERGED from [androidx.versionedparcelable:versionedparcelable:1.0.0] AndroidManifest.xml:22:5-23:19
MERGED from [androidx.lifecycle:lifecycle-process:2.0.0-rc01] AndroidManifest.xml:22:5-28:19
MERGED from [androidx.lifecycle:lifecycle-process:2.0.0-rc01] AndroidManifest.xml:22:5-28:19
MERGED from [com.google.android.gms:play-services-ads-base:18.2.0] AndroidManifest.xml:7:5-20
MERGED from [com.google.android.gms:play-services-ads-base:18.2.0] AndroidManifest.xml:7:5-20
	android:appComponentFactory
		ADDED from [androidx.core:core:1.0.0] AndroidManifest.xml:22:18-86
	android:supportsRtl
		ADDED from [com.vungle:publisher-sdk-android:6.4.11.0] AndroidManifest.xml:20:9-35
	android:label
		ADDED from src\main\AndroidManifest.xml:3:16-48
	android:hasCode
		ADDED from src\main\AndroidManifest.xml:3:163-185
	android:hardwareAccelerated
		ADDED from src\main\AndroidManifest.xml:3:79-113
	android:fullBackupContent
		ADDED from [com.vungle:publisher-sdk-android:6.4.11.0] AndroidManifest.xml:18:9-60
	android:icon
		ADDED from src\main\AndroidManifest.xml:3:49-78
	android:name
		ADDED from src\main\AndroidManifest.xml:3:114-162
activity#com.epicgames.ue4.SplashActivity
ADDED from src\main\AndroidManifest.xml:4:5-9:16
	android:screenOrientation
		ADDED from src\main\AndroidManifest.xml:4:166-202
	android:label
		ADDED from src\main\AndroidManifest.xml:4:63-95
	android:launchMode
		ADDED from src\main\AndroidManifest.xml:4:134-165
	android:debuggable
		ADDED from src\main\AndroidManifest.xml:4:203-229
	android:theme
		ADDED from src\main\AndroidManifest.xml:4:96-133
	android:name
		ADDED from src\main\AndroidManifest.xml:4:15-62
intent-filter#action:name:android.intent.action.MAIN+category:name:android.intent.category.LAUNCHER
ADDED from src\main\AndroidManifest.xml:5:7-8:23
action#android.intent.action.MAIN
ADDED from src\main\AndroidManifest.xml:6:9-61
	android:name
		ADDED from src\main\AndroidManifest.xml:6:17-58
category#android.intent.category.LAUNCHER
ADDED from src\main\AndroidManifest.xml:7:9-69
	android:name
		ADDED from src\main\AndroidManifest.xml:7:19-66
activity#com.epicgames.ue4.GameActivity
ADDED from src\main\AndroidManifest.xml:10:5-12:16
	android:screenOrientation
		ADDED from src\main\AndroidManifest.xml:10:325-361
	android:label
		ADDED from src\main\AndroidManifest.xml:10:61-93
	android:launchMode
		ADDED from src\main\AndroidManifest.xml:10:293-324
	android:debuggable
		ADDED from src\main\AndroidManifest.xml:10:362-388
	android:resizeableActivity
		ADDED from src\main\AndroidManifest.xml:10:258-292
	android:configChanges
		ADDED from src\main\AndroidManifest.xml:10:132-257
	android:theme
		ADDED from src\main\AndroidManifest.xml:10:94-131
	android:name
		ADDED from src\main\AndroidManifest.xml:10:15-60
meta-data#android.app.lib_name
ADDED from src\main\AndroidManifest.xml:11:7-76
	android:value
		ADDED from src\main\AndroidManifest.xml:11:54-73
	android:name
		ADDED from src\main\AndroidManifest.xml:11:18-53
activity#sk.smdtech.beatrush.DownloaderActivity
ADDED from src\main\AndroidManifest.xml:13:5-221
	android:screenOrientation
		ADDED from src\main\AndroidManifest.xml:13:50-86
	android:configChanges
		ADDED from src\main\AndroidManifest.xml:13:87-180
	android:theme
		ADDED from src\main\AndroidManifest.xml:13:181-218
	android:name
		ADDED from src\main\AndroidManifest.xml:13:15-49
meta-data#com.epicgames.ue4.GameActivity.EngineVersion
ADDED from src\main\AndroidManifest.xml:14:5-101
	android:value
		ADDED from src\main\AndroidManifest.xml:14:76-98
	android:name
		ADDED from src\main\AndroidManifest.xml:14:16-75
meta-data#com.epicgames.ue4.GameActivity.EngineBranch
ADDED from src\main\AndroidManifest.xml:15:5-112
	android:value
		ADDED from src\main\AndroidManifest.xml:15:75-109
	android:name
		ADDED from src\main\AndroidManifest.xml:15:16-74
meta-data#com.epicgames.ue4.GameActivity.ProjectVersion
ADDED from src\main\AndroidManifest.xml:16:5-100
	android:value
		ADDED from src\main\AndroidManifest.xml:16:77-97
	android:name
		ADDED from src\main\AndroidManifest.xml:16:16-76
meta-data#com.epicgames.ue4.GameActivity.DepthBufferPreference
ADDED from src\main\AndroidManifest.xml:17:5-104
	android:value
		ADDED from src\main\AndroidManifest.xml:17:84-101
	android:name
		ADDED from src\main\AndroidManifest.xml:17:16-83
meta-data#com.epicgames.ue4.GameActivity.bPackageDataInsideApk
ADDED from src\main\AndroidManifest.xml:18:5-107
	android:value
		ADDED from src\main\AndroidManifest.xml:18:84-104
	android:name
		ADDED from src\main\AndroidManifest.xml:18:16-83
meta-data#com.epicgames.ue4.GameActivity.bVerifyOBBOnStartUp
ADDED from src\main\AndroidManifest.xml:19:5-105
	android:value
		ADDED from src\main\AndroidManifest.xml:19:82-102
	android:name
		ADDED from src\main\AndroidManifest.xml:19:16-81
meta-data#com.epicgames.ue4.GameActivity.bShouldHideUI
ADDED from src\main\AndroidManifest.xml:20:5-99
	android:value
		ADDED from src\main\AndroidManifest.xml:20:76-96
	android:name
		ADDED from src\main\AndroidManifest.xml:20:16-75
meta-data#com.epicgames.ue4.GameActivity.ProjectName
ADDED from src\main\AndroidManifest.xml:21:5-101
	android:value
		ADDED from src\main\AndroidManifest.xml:21:74-98
	android:name
		ADDED from src\main\AndroidManifest.xml:21:16-73
meta-data#com.epicgames.ue4.GameActivity.AppType
ADDED from src\main\AndroidManifest.xml:22:5-89
	android:value
		ADDED from src\main\AndroidManifest.xml:22:70-86
	android:name
		ADDED from src\main\AndroidManifest.xml:22:16-69
meta-data#com.epicgames.ue4.GameActivity.bHasOBBFiles
ADDED from src\main\AndroidManifest.xml:23:5-98
	android:value
		ADDED from src\main\AndroidManifest.xml:23:75-95
	android:name
		ADDED from src\main\AndroidManifest.xml:23:16-74
meta-data#com.epicgames.ue4.GameActivity.BuildConfiguration
ADDED from src\main\AndroidManifest.xml:24:5-108
	android:value
		ADDED from src\main\AndroidManifest.xml:24:81-105
	android:name
		ADDED from src\main\AndroidManifest.xml:24:16-80
meta-data#com.epicgames.ue4.GameActivity.CookedFlavors
ADDED from src\main\AndroidManifest.xml:25:5-99
	android:value
		ADDED from src\main\AndroidManifest.xml:25:76-96
	android:name
		ADDED from src\main\AndroidManifest.xml:25:16-75
meta-data#com.epicgames.ue4.GameActivity.bValidateTextureFormats
ADDED from src\main\AndroidManifest.xml:26:5-109
	android:value
		ADDED from src\main\AndroidManifest.xml:26:86-106
	android:name
		ADDED from src\main\AndroidManifest.xml:26:16-85
meta-data#com.epicgames.ue4.GameActivity.bUseExternalFilesDir
ADDED from src\main\AndroidManifest.xml:27:5-107
	android:value
		ADDED from src\main\AndroidManifest.xml:27:83-104
	android:name
		ADDED from src\main\AndroidManifest.xml:27:16-82
meta-data#com.epicgames.ue4.GameActivity.bPublicLogFiles
ADDED from src\main\AndroidManifest.xml:28:5-102
	android:value
		ADDED from src\main\AndroidManifest.xml:28:78-99
	android:name
		ADDED from src\main\AndroidManifest.xml:28:16-77
meta-data#com.epicgames.ue4.GameActivity.bUseDisplayCutout
ADDED from src\main\AndroidManifest.xml:29:5-104
	android:value
		ADDED from src\main\AndroidManifest.xml:29:80-101
	android:name
		ADDED from src\main\AndroidManifest.xml:29:16-79
meta-data#com.epicgames.ue4.GameActivity.bAllowIMU
ADDED from src\main\AndroidManifest.xml:30:5-95
	android:value
		ADDED from src\main\AndroidManifest.xml:30:72-92
	android:name
		ADDED from src\main\AndroidManifest.xml:30:16-71
meta-data#com.epicgames.ue4.GameActivity.bSupportsVulkan
ADDED from src\main\AndroidManifest.xml:31:5-102
	android:value
		ADDED from src\main\AndroidManifest.xml:31:78-99
	android:name
		ADDED from src\main\AndroidManifest.xml:31:16-77
meta-data#com.epicgames.ue4.GameActivity.StartupPermissions
ADDED from src\main\AndroidManifest.xml:32:5-141
	android:value
		ADDED from src\main\AndroidManifest.xml:32:81-138
	android:name
		ADDED from src\main\AndroidManifest.xml:32:16-80
meta-data#com.google.android.gms.games.APP_ID
ADDED from src\main\AndroidManifest.xml:33:5-100
	android:value
		ADDED from src\main\AndroidManifest.xml:33:67-97
	android:name
		ADDED from src\main\AndroidManifest.xml:33:16-66
meta-data#com.google.android.gms.version
ADDED from src\main\AndroidManifest.xml:34:5-118
MERGED from [com.google.android.gms:play-services-basement:17.0.0] AndroidManifest.xml:23:9-25:69
MERGED from [com.google.android.gms:play-services-basement:17.0.0] AndroidManifest.xml:23:9-25:69
	android:value
		ADDED from src\main\AndroidManifest.xml:34:62-115
	android:name
		ADDED from src\main\AndroidManifest.xml:34:16-61
activity#com.google.android.gms.ads.AdActivity
ADDED from src\main\AndroidManifest.xml:35:5-180
MERGED from [com.google.android.gms:play-services-ads-lite:18.2.0] AndroidManifest.xml:29:9-33:64
MERGED from [com.google.android.gms:play-services-ads-lite:18.2.0] AndroidManifest.xml:29:9-33:64
	android:exported
		ADDED from [com.google.android.gms:play-services-ads-lite:18.2.0] AndroidManifest.xml:32:13-37
	android:configChanges
		ADDED from src\main\AndroidManifest.xml:35:68-177
	android:theme
		ADDED from [com.google.android.gms:play-services-ads-lite:18.2.0] AndroidManifest.xml:33:13-61
	android:name
		ADDED from src\main\AndroidManifest.xml:35:15-67
service#sk.smdtech.beatrush.OBBDownloaderService
ADDED from src\main\AndroidManifest.xml:36:5-52
	android:name
		ADDED from src\main\AndroidManifest.xml:36:14-49
receiver#sk.smdtech.beatrush.AlarmReceiver
ADDED from src\main\AndroidManifest.xml:37:5-46
	android:name
		ADDED from src\main\AndroidManifest.xml:37:15-43
receiver#com.epicgames.ue4.LocalNotificationReceiver
ADDED from src\main\AndroidManifest.xml:38:5-76
	android:name
		ADDED from src\main\AndroidManifest.xml:38:15-73
receiver#com.epicgames.ue4.MulticastBroadcastReceiver
ADDED from src\main\AndroidManifest.xml:39:5-43:16
	android:exported
		ADDED from src\main\AndroidManifest.xml:39:75-98
	android:name
		ADDED from src\main\AndroidManifest.xml:39:15-74
intent-filter#action:name:com.android.vending.INSTALL_REFERRER
ADDED from src\main\AndroidManifest.xml:40:7-42:23
action#com.android.vending.INSTALL_REFERRER
ADDED from src\main\AndroidManifest.xml:41:9-71
	android:name
		ADDED from src\main\AndroidManifest.xml:41:17-68
meta-data#android.max_aspect
ADDED from src\main\AndroidManifest.xml:44:5-73
	android:value
		ADDED from src\main\AndroidManifest.xml:44:50-70
	android:name
		ADDED from src\main\AndroidManifest.xml:44:16-49
meta-data#com.epicgames.ue4.AdMob.AppId
ADDED from src\main\AndroidManifest.xml:45:5-118
	android:value
		ADDED from src\main\AndroidManifest.xml:45:61-115
	android:name
		ADDED from src\main\AndroidManifest.xml:45:16-60
meta-data#com.epicgames.ue4.AdMob.BannerAdUnit
ADDED from src\main\AndroidManifest.xml:46:5-125
	android:value
		ADDED from src\main\AndroidManifest.xml:46:68-122
	android:name
		ADDED from src\main\AndroidManifest.xml:46:16-67
meta-data#com.epicgames.ue4.AdMob.InterstitialAdUnit
ADDED from src\main\AndroidManifest.xml:47:5-131
	android:value
		ADDED from src\main\AndroidManifest.xml:47:74-128
	android:name
		ADDED from src\main\AndroidManifest.xml:47:16-73
meta-data#com.epicgames.ue4.AdMob.RewardedVideoAdUnit
ADDED from src\main\AndroidManifest.xml:48:5-132
	android:value
		ADDED from src\main\AndroidManifest.xml:48:75-129
	android:name
		ADDED from src\main\AndroidManifest.xml:48:16-74
meta-data#com.epicgames.ue4.AdMob.TestDevice
ADDED from src\main\AndroidManifest.xml:49:5-85
	android:value
		ADDED from src\main\AndroidManifest.xml:49:66-82
	android:name
		ADDED from src\main\AndroidManifest.xml:49:16-65
meta-data#com.google.android.gms.ads.APPLICATION_ID
ADDED from src\main\AndroidManifest.xml:50:5-130
	android:value
		ADDED from src\main\AndroidManifest.xml:50:73-127
	android:name
		ADDED from src\main\AndroidManifest.xml:50:16-72
uses-feature#0x00030000
ADDED from src\main\AndroidManifest.xml:53:3-76
	android:glEsVersion
		ADDED from src\main\AndroidManifest.xml:53:17-49
	android:required
		ADDED from src\main\AndroidManifest.xml:53:50-73
uses-permission#android.permission.INTERNET
ADDED from src\main\AndroidManifest.xml:54:3-65
MERGED from [com.google.ads.mediation:chartboost:7.5.0.0] AndroidManifest.xml:12:5-67
MERGED from [com.google.ads.mediation:chartboost:7.5.0.0] AndroidManifest.xml:12:5-67
MERGED from [com.unity3d.ads:unity-ads:3.2.0] AndroidManifest.xml:12:5-67
MERGED from [com.unity3d.ads:unity-ads:3.2.0] AndroidManifest.xml:12:5-67
MERGED from [com.google.ads.mediation:vungle:6.4.11.1.0] AndroidManifest.xml:12:5-67
MERGED from [com.google.ads.mediation:vungle:6.4.11.1.0] AndroidManifest.xml:12:5-67
MERGED from [com.google.android.gms:play-services-ads-lite:18.2.0] AndroidManifest.xml:23:5-67
MERGED from [com.google.android.gms:play-services-ads-lite:18.2.0] AndroidManifest.xml:23:5-67
MERGED from [com.google.android.gms:play-services-measurement:17.0.0] AndroidManifest.xml:23:5-67
MERGED from [com.google.android.gms:play-services-measurement:17.0.0] AndroidManifest.xml:23:5-67
MERGED from [com.google.android.gms:play-services-measurement-impl:17.0.0] AndroidManifest.xml:23:5-67
MERGED from [com.google.android.gms:play-services-measurement-impl:17.0.0] AndroidManifest.xml:23:5-67
MERGED from [com.google.android.gms:play-services-measurement-sdk-api:17.0.0] AndroidManifest.xml:23:5-67
MERGED from [com.google.android.gms:play-services-measurement-sdk-api:17.0.0] AndroidManifest.xml:23:5-67
	android:name
		ADDED from src\main\AndroidManifest.xml:54:20-62
uses-permission#android.permission.WRITE_EXTERNAL_STORAGE
ADDED from src\main\AndroidManifest.xml:55:3-79
MERGED from [com.vungle:publisher-sdk-android:6.4.11.0] AndroidManifest.xml:14:5-15:67
MERGED from [com.vungle:publisher-sdk-android:6.4.11.0] AndroidManifest.xml:14:5-15:67
	android:name
		ADDED from src\main\AndroidManifest.xml:55:20-76
uses-permission#android.permission.ACCESS_NETWORK_STATE
ADDED from src\main\AndroidManifest.xml:56:3-77
MERGED from [com.google.android.gms:play-services-nearby:17.0.0] AndroidManifest.xml:7:5-79
MERGED from [com.google.android.gms:play-services-nearby:17.0.0] AndroidManifest.xml:7:5-79
MERGED from [com.google.ads.mediation:chartboost:7.5.0.0] AndroidManifest.xml:13:5-79
MERGED from [com.google.ads.mediation:chartboost:7.5.0.0] AndroidManifest.xml:13:5-79
MERGED from [com.unity3d.ads:unity-ads:3.2.0] AndroidManifest.xml:11:5-79
MERGED from [com.unity3d.ads:unity-ads:3.2.0] AndroidManifest.xml:11:5-79
MERGED from [com.google.ads.mediation:vungle:6.4.11.1.0] AndroidManifest.xml:13:5-79
MERGED from [com.google.ads.mediation:vungle:6.4.11.1.0] AndroidManifest.xml:13:5-79
MERGED from [com.vungle:publisher-sdk-android:6.4.11.0] AndroidManifest.xml:13:5-79
MERGED from [com.vungle:publisher-sdk-android:6.4.11.0] AndroidManifest.xml:13:5-79
MERGED from [com.google.android.gms:play-services-ads-lite:18.2.0] AndroidManifest.xml:24:5-79
MERGED from [com.google.android.gms:play-services-ads-lite:18.2.0] AndroidManifest.xml:24:5-79
MERGED from [com.google.android.gms:play-services-measurement:17.0.0] AndroidManifest.xml:24:5-79
MERGED from [com.google.android.gms:play-services-measurement:17.0.0] AndroidManifest.xml:24:5-79
MERGED from [com.google.android.gms:play-services-measurement-impl:17.0.0] AndroidManifest.xml:24:5-79
MERGED from [com.google.android.gms:play-services-measurement-impl:17.0.0] AndroidManifest.xml:24:5-79
MERGED from [com.google.android.gms:play-services-measurement-sdk-api:17.0.0] AndroidManifest.xml:24:5-79
MERGED from [com.google.android.gms:play-services-measurement-sdk-api:17.0.0] AndroidManifest.xml:24:5-79
	android:name
		ADDED from src\main\AndroidManifest.xml:56:20-74
uses-permission#android.permission.WAKE_LOCK
ADDED from src\main\AndroidManifest.xml:57:3-66
MERGED from [com.google.android.gms:play-services-measurement:17.0.0] AndroidManifest.xml:25:5-68
MERGED from [com.google.android.gms:play-services-measurement:17.0.0] AndroidManifest.xml:25:5-68
MERGED from [com.google.android.gms:play-services-measurement-impl:17.0.0] AndroidManifest.xml:25:5-68
MERGED from [com.google.android.gms:play-services-measurement-impl:17.0.0] AndroidManifest.xml:25:5-68
MERGED from [com.google.android.gms:play-services-measurement-sdk-api:17.0.0] AndroidManifest.xml:25:5-68
MERGED from [com.google.android.gms:play-services-measurement-sdk-api:17.0.0] AndroidManifest.xml:25:5-68
	android:name
		ADDED from src\main\AndroidManifest.xml:57:20-63
uses-permission#com.android.vending.CHECK_LICENSE
ADDED from src\main\AndroidManifest.xml:58:3-71
	android:name
		ADDED from src\main\AndroidManifest.xml:58:20-68
uses-permission#android.permission.ACCESS_WIFI_STATE
ADDED from src\main\AndroidManifest.xml:59:3-74
	android:name
		ADDED from src\main\AndroidManifest.xml:59:20-71
uses-permission#android.permission.MODIFY_AUDIO_SETTINGS
ADDED from src\main\AndroidManifest.xml:60:3-78
	android:name
		ADDED from src\main\AndroidManifest.xml:60:20-75
uses-permission#android.permission.VIBRATE
ADDED from src\main\AndroidManifest.xml:61:3-64
	android:name
		ADDED from src\main\AndroidManifest.xml:61:20-61
uses-permission#com.android.vending.BILLING
ADDED from src\main\AndroidManifest.xml:62:3-65
	android:name
		ADDED from src\main\AndroidManifest.xml:62:20-62
uses-sdk
INJECTED from src\main\AndroidManifest.xml reason: use-sdk injection requested
INJECTED from src\main\AndroidManifest.xml
INJECTED from src\main\AndroidManifest.xml
MERGED from [com.google.android.gms:play-services-auth:17.0.0] AndroidManifest.xml:20:5-44
MERGED from [com.google.android.gms:play-services-auth:17.0.0] AndroidManifest.xml:20:5-44
MERGED from [com.google.android.gms:play-services-games:17.0.0] AndroidManifest.xml:20:5-44
MERGED from [com.google.android.gms:play-services-games:17.0.0] AndroidManifest.xml:20:5-44
MERGED from [com.google.android.gms:play-services-nearby:17.0.0] AndroidManifest.xml:5:5-44
MERGED from [com.google.android.gms:play-services-nearby:17.0.0] AndroidManifest.xml:5:5-44
MERGED from [com.google.android.gms:play-services-plus:17.0.0] AndroidManifest.xml:20:5-44
MERGED from [com.google.android.gms:play-services-plus:17.0.0] AndroidManifest.xml:20:5-44
MERGED from [com.google.ads.mediation:unity:3.2.0.0] AndroidManifest.xml:7:5-9:41
MERGED from [com.google.ads.mediation:unity:3.2.0.0] AndroidManifest.xml:7:5-9:41
MERGED from [com.google.ads.mediation:chartboost:7.5.0.0] AndroidManifest.xml:7:5-9:41
MERGED from [com.google.ads.mediation:chartboost:7.5.0.0] AndroidManifest.xml:7:5-9:41
MERGED from [com.google.android.gms:play-services-ads:18.2.0] AndroidManifest.xml:21:5-23:52
MERGED from [com.google.android.gms:play-services-ads:18.2.0] AndroidManifest.xml:21:5-23:52
MERGED from [com.android.volley:volley:1.1.1] AndroidManifest.xml:7:5-43
MERGED from [com.android.volley:volley:1.1.1] AndroidManifest.xml:7:5-43